This file contains any messages produced by compilers while
running configure, to aid debugging if configure makes a mistake.

It was created by configure, which was
generated by GNU Autoconf 2.68.  Invocation command line was

  $ ./configure 

## --------- ##
## Platform. ##
## --------- ##

hostname = agora
uname -m = i686
uname -r = 3.0.0-24-generic-pae
uname -s = Linux
uname -v = #40-Ubuntu SMP Tue Jul 24 15:55:26 UTC 2012

/usr/bin/uname -p = unknown
/bin/uname -X     = unknown

/bin/arch              = unknown
/usr/bin/arch -k       = unknown
/usr/convex/getsysinfo = unknown
/usr/bin/hostinfo      = unknown
/bin/machine           = unknown
/usr/bin/oslevel       = unknown
/bin/universe          = unknown

PATH: /home/b-man/bin
PATH: /usr/lib/lightdm/lightdm
PATH: /usr/local/sbin
PATH: /usr/local/bin
PATH: /usr/sbin
PATH: /usr/bin
PATH: /sbin
PATH: /bin
PATH: /usr/games
PATH: /home/b-man/bin


## ----------- ##
## Core tests. ##
## ----------- ##

configure:1684: checking whether make sets $(MAKE)
configure:1706: result: yes
configure:1758: checking for a BSD-compatible install
configure:1826: result: /usr/bin/install -c
configure:1839: checking for makeinfo
configure:1867: result: no
configure:1877: checking for texi2dvi
configure:1905: result: false
configure:1915: checking for ptex
configure:1943: result: false
configure:1953: checking for jbibtex
configure:1981: result: false
configure:1991: checking for dvipdfmx
configure:2007: found /usr/bin/dvipdfmx
configure:2019: result: dvipdfmx
configure:2029: checking for texi2pdf
configure:2057: result: false
configure:2069: checking for egrep
configure:2085: found /bin/egrep
configure:2096: result: egrep
configure:2301: checking for emacs
configure:2319: found /usr/bin/emacs
configure:2331: result: /usr/bin/emacs
configure:2358: checking what a flavor does /usr/bin/emacs have
/usr/bin/emacs -q -no-site-file -batch -eval '(let ((x (if (featurep (quote xemacs))
	"XEmacs"
      (concat "Emacs "
	      (mapconcat (function identity)
			 (nreverse
			  (cdr (nreverse
				(split-string emacs-version
					      (concat (vector 92 46))))))
			 "."))))) (write-region (format "%s" x) nil "./conftest-5403" nil 5))'
=> Emacs 24.1.50
configure:2402: result: Emacs 24.1.50
configure:2414: checking prefix for /usr/bin/emacs
/usr/bin/emacs -q -no-site-file -batch -eval '(let ((x (expand-file-name ".." invocation-directory))) (write-region (format "%s" x) nil "./conftest-5403" nil 5))'
=> /usr
configure:2445: result: /usr
configure:2453: checking where lisp files should go
configure:2475: result: $(prefix)/share/emacs/site-lisp/w3m/
configure:2637: checking where icon files should go
/usr/bin/emacs -q -no-site-file -batch -eval '(let ((x (let ((prefix "/usr")	      (default (expand-file-name "images/w3m" data-directory)))	  (if (and prefix		   (progn		     (setq prefix (file-name-as-directory prefix))		     (eq 0 (string-match (regexp-quote prefix) default))))	      (replace-match "$(prefix)/" nil nil default)	    default)))) (write-region (format "%s" x) nil "./conftest-5403" nil 5))'
=> $(prefix)/share/emacs/24.1.50/etc/images/w3m
configure:2681: result: $(prefix)/share/emacs/24.1.50/etc/images/w3m
configure:2877: creating ./config.status

## ---------------------- ##
## Running config.status. ##
## ---------------------- ##

This file was extended by config.status, which was
generated by GNU Autoconf 2.68.  Invocation command line was

  CONFIG_FILES    = 
  CONFIG_HEADERS  = 
  CONFIG_LINKS    = 
  CONFIG_COMMANDS = 
  $ ./config.status 

on agora

config.status:743: creating Makefile
config.status:743: creating doc/Makefile

## ---------------- ##
## Cache variables. ##
## ---------------- ##

EMACS_cv_SYS_flavor='Emacs 24.1.50'
EMACS_cv_SYS_icondir='$(prefix)/share/emacs/24.1.50/etc/images/w3m'
EMACS_cv_SYS_prefix=/usr
ac_cv_env_build_alias_set=
ac_cv_env_build_alias_value=
ac_cv_env_host_alias_set=
ac_cv_env_host_alias_value=
ac_cv_env_target_alias_set=
ac_cv_env_target_alias_value=
ac_cv_path_EMACS=/usr/bin/emacs
ac_cv_path_install='/usr/bin/install -c'
ac_cv_prog_DVIPDFMX=dvipdfmx
ac_cv_prog_EGREP=egrep
ac_cv_prog_JBIBTEX=false
ac_cv_prog_MAKEINFO=no
ac_cv_prog_PTEX=false
ac_cv_prog_TEXI2DVI=false
ac_cv_prog_TEXI2PDF=false
ac_cv_prog_make_make_set=yes

## ----------------- ##
## Output variables. ##
## ----------------- ##

ADDITIONAL_LOAD_PATH='NONE'
DEFS='-DPACKAGE_NAME=\"\" -DPACKAGE_TARNAME=\"\" -DPACKAGE_VERSION=\"\" -DPACKAGE_STRING=\"\" -DPACKAGE_BUGREPORT=\"\" -DPACKAGE_URL=\"\"'
DVIPDFMX='dvipdfmx'
ECHO_C=''
ECHO_N='-n'
ECHO_T=''
EGREP='egrep'
EMACS='/usr/bin/emacs'
ICONDIR='$(prefix)/share/emacs/24.1.50/etc/images/w3m'
INSTALL_DATA='${INSTALL} -m 644'
INSTALL_PROGRAM='${INSTALL}'
INSTALL_SCRIPT='${INSTALL}'
JBIBTEX='false'
LIBOBJS=''
LIBS=''
LTLIBOBJS=''
MAKEINFO='no'
PACKAGEDIR='NONE'
PACKAGE_BUGREPORT=''
PACKAGE_NAME=''
PACKAGE_STRING=''
PACKAGE_TARNAME=''
PACKAGE_URL=''
PACKAGE_VERSION=''
PATH_SEPARATOR=':'
PTEX='false'
SET_MAKE=''
SHELL='/bin/bash'
TEXI2DVI='false'
TEXI2PDF='false'
VANILLA_FLAG='-q -no-site-file'
XEMACSDEBUG=''
bindir='${exec_prefix}/bin'
build_alias=''
datadir='${datarootdir}'
datarootdir='${prefix}/share'
docdir='${datarootdir}/doc/${PACKAGE}'
dvidir='${docdir}'
exec_prefix='${prefix}'
host_alias=''
htmldir='${docdir}'
includedir='${prefix}/include'
infodir='${datarootdir}/info'
libdir='${exec_prefix}/lib'
libexecdir='${exec_prefix}/libexec'
lispdir='$(prefix)/share/emacs/site-lisp/w3m'
localedir='${datarootdir}/locale'
localstatedir='${prefix}/var'
mandir='${datarootdir}/man'
oldincludedir='/usr/include'
pdfdir='${docdir}'
prefix='/usr'
program_transform_name='s,x,x,'
psdir='${docdir}'
sbindir='${exec_prefix}/sbin'
sharedstatedir='${prefix}/com'
sysconfdir='${prefix}/etc'
target_alias=''

## ----------- ##
## confdefs.h. ##
## ----------- ##

/* confdefs.h */
#define PACKAGE_NAME ""
#define PACKAGE_TARNAME ""
#define PACKAGE_VERSION ""
#define PACKAGE_STRING ""
#define PACKAGE_BUGREPORT ""
#define PACKAGE_URL ""

configure: exit 0
